\BOOKMARK [0][-]{section*.4}{\376\377\144\130\000\040\211\201}{}% 1
\BOOKMARK [0][-]{section*.5}{\376\377\000A\000b\000s\000t\000r\000a\000c\000t}{}% 2
\BOOKMARK [0][-]{chapter.1}{\376\377\176\352\213\272}{}% 3
\BOOKMARK [1][-]{section.1.1}{\376\377\170\024\172\166\200\314\146\157\116\016\141\017\116\111}{chapter.1}% 4
\BOOKMARK [2][-]{subsection.1.1.1}{\376\377\170\024\172\166\200\314\146\157}{section.1.1}% 5
\BOOKMARK [2][-]{subsection.1.1.2}{\376\377\170\024\172\166\141\017\116\111}{section.1.1}% 6
\BOOKMARK [1][-]{section.1.2}{\376\377\126\375\121\205\131\026\170\024\172\166\163\260\162\266}{chapter.1}% 7
\BOOKMARK [2][-]{subsection.1.2.1}{\376\377\116\011\176\364\117\040\141\037\126\150\166\204\170\024\172\166\163\260\162\266}{section.1.2}% 8
\BOOKMARK [2][-]{subsection.1.2.2}{\376\377\117\040\176\337\166\204\000R\000G\000B\000-\000D\213\355\116\111\122\006\122\162}{section.1.2}% 9
\BOOKMARK [2][-]{subsection.1.2.3}{\376\377\127\372\116\216\155\361\136\246\133\146\116\140\166\204\000R\000G\000B\000-\000D\213\355\116\111\122\006\122\162}{section.1.2}% 10
\BOOKMARK [1][-]{section.1.3}{\376\377\116\073\211\201\170\024\172\166\121\205\133\271\116\016\213\272\145\207\176\304\176\307\176\323\147\204}{chapter.1}% 11
\BOOKMARK [2][-]{subsection.1.3.1}{\376\377\116\073\211\201\170\024\172\166\121\205\133\271}{section.1.3}% 12
\BOOKMARK [2][-]{subsection.1.3.2}{\376\377\213\272\145\207\176\304\176\307\176\323\147\204}{section.1.3}% 13
\BOOKMARK [0][-]{chapter.2}{\376\377\213\272\145\207\153\143\145\207}{}% 14
\BOOKMARK [1][-]{section.2.1}{\376\377\133\127\117\123\153\265\204\075}{chapter.2}% 15
\BOOKMARK [1][-]{section.2.2}{\376\377\210\150\150\074\146\016\176\306}{chapter.2}% 16
\BOOKMARK [1][-]{section.2.3}{\376\377\176\330\126\376\143\322\126\376}{chapter.2}% 17
\BOOKMARK [1][-]{section.2.4}{\376\377\121\154\137\017\133\232\164\006}{chapter.2}% 18
\BOOKMARK [1][-]{section.2.5}{\376\377\123\302\200\003\145\207\163\056}{chapter.2}% 19
\BOOKMARK [1][-]{section.2.6}{\376\377\116\343\170\001\232\330\116\256}{chapter.2}% 20
\BOOKMARK [1][-]{section.2.7}{\376\377\173\046\123\367\122\027\210\150}{chapter.2}% 21
\BOOKMARK [1][-]{section.2.8}{\376\377\116\055\145\207\116\140\140\357}{chapter.2}% 22
\BOOKMARK [0][-]{chapter.3}{\376\377\127\372\116\216\220\032\220\123\116\244\143\142\147\072\122\066\166\204\215\350\152\041\140\001\000R\000G\000B\000-\000D\213\355\116\111\122\006\122\162\177\121\176\334}{}% 23
\BOOKMARK [1][-]{section.3.1}{\376\377\152\041\127\213\145\271\154\325}{chapter.3}% 24
\BOOKMARK [2][-]{subsection.3.1.1}{\376\377\150\106\147\266\176\323\147\204}{section.3.1}% 25
\BOOKMARK [2][-]{subsection.3.1.2}{\376\377\215\350\152\041\140\001\123\167\171\357}{section.3.1}% 26
\BOOKMARK [2][-]{subsection.3.1.3}{\376\377\000V\000i\000s\000i\000o\000n\000\040\000T\000r\000a\000n\000s\000f\000o\000r\000m\000e\000r\000\040\166\204\127\372\147\054\207\215\124\010}{section.3.1}% 27
\BOOKMARK [2][-]{subsection.3.1.4}{\376\377\131\032\152\041\137\017\116\344\162\114\207\215\124\010}{section.3.1}% 28
\BOOKMARK [2][-]{subsection.3.1.5}{\376\377\122\151\117\131\117\115\177\156\133\371\121\306}{section.3.1}% 29
\BOOKMARK [0][-]{chapter.4}{\376\377\227\136\133\371\171\360\176\323\147\204\166\204\133\236\145\366\215\350\152\041\140\001\000R\000G\000B\000-\000D\213\355\116\111\122\006\122\162\177\121\176\334}{}% 30
\BOOKMARK [1][-]{section.4.1}{\376\377\152\041\127\213\145\271\154\325}{chapter.4}% 31
\BOOKMARK [2][-]{subsection.4.1.1}{\376\377\150\106\147\266\176\323\147\204}{section.4.1}% 32
\BOOKMARK [2][-]{subsection.4.1.2}{\376\377\127\372\116\216\000t\000o\000p\000-\000k\123\072\127\337\154\350\141\017\122\233\147\072\122\066\166\204\137\151\202\162\117\341\140\157\131\004\164\006\122\006\145\057}{section.4.1}% 33
\BOOKMARK [2][-]{subsection.4.1.3}{\376\377\127\372\116\216\172\000\165\217\201\352\154\350\141\017\122\233\166\204\155\361\136\246\117\341\140\157\131\004\164\006\122\006\145\057}{section.4.1}% 34
\BOOKMARK [2][-]{subsection.4.1.4}{\376\377\127\372\116\216\116\244\123\311\154\350\141\017\122\233\166\204\215\350\152\041\140\001\162\171\137\201\207\215\124\010}{section.4.1}% 35
\BOOKMARK [2][-]{subsection.4.1.5}{\376\377\217\173\221\317\176\247\000M\000L\000P\211\343\170\001\126\150}{section.4.1}% 36
\BOOKMARK [1][-]{section.4.2}{\376\377\133\236\232\214\176\323\147\234\122\006\147\220}{chapter.4}% 37
\BOOKMARK [2][-]{subsection.4.2.1}{\376\377\145\160\143\156\226\306\116\016\213\304\116\367\143\007\150\007}{section.4.2}% 38
\BOOKMARK [2][-]{subsection.4.2.2}{\376\377\123\302\145\160\213\276\177\156}{section.4.2}% 39
\BOOKMARK [2][-]{subsection.4.2.3}{\376\377\155\210\207\215\133\236\232\214}{section.4.2}% 40
\BOOKMARK [2][-]{subsection.4.2.4}{\376\377\152\041\127\213\140\047\200\375\133\371\153\324}{section.4.2}% 41
\BOOKMARK [2][-]{subsection.4.2.5}{\376\377\133\371\153\324\133\236\232\214}{section.4.2}% 42
\BOOKMARK [1][-]{section.4.3}{\376\377\147\054\172\340\134\017\176\323}{chapter.4}% 43
\BOOKMARK [0][-]{chapter.5}{\376\377\173\054\116\000\172\340\230\230\166\356}{}% 44
\BOOKMARK [1][-]{section.5.1}{\376\377\377\010\0001\000.\0001\000\040\230\230\166\356\377\011}{chapter.5}% 45
\BOOKMARK [2][-]{subsection.5.1.1}{\376\377\377\010\0001\000.\0001\000.\0001\000\040\230\230\166\356\377\011}{section.5.1}% 46
\BOOKMARK [2][-]{subsection.5.1.2}{\376\377\377\010\0001\000.\0001\000.\0002\000\040\230\230\166\356\377\011}{section.5.1}% 47
\BOOKMARK [1][-]{section.5.2}{\376\377\377\010\0001\000.\0002\000\040\230\230\166\356\377\011}{chapter.5}% 48
\BOOKMARK [1][-]{section.5.3}{\376\377\377\010\0001\000.\0003\000\040\230\230\166\356\377\011}{chapter.5}% 49
\BOOKMARK [2][-]{subsection.5.3.1}{\376\377\377\010\0001\000.\0003\000.\0001\000\040\230\230\166\356\377\011}{section.5.3}% 50
\BOOKMARK [2][-]{subsection.5.3.2}{\376\377\377\010\0001\000.\0003\000.\0002\000\040\230\230\166\356\377\011}{section.5.3}% 51
\BOOKMARK [0][-]{chapter*.40}{\376\377\201\364\214\042}{}% 52
\BOOKMARK [0][-]{section*.41}{\376\377\123\302\200\003\145\207\163\056}{}% 53
\BOOKMARK [0][-]{chapter*.42}{\376\377\117\134\200\005\127\050\133\146\147\037\225\364\123\326\137\227\166\204\133\146\147\057\142\020\147\234}{}% 54
\BOOKMARK [0][-]{chapter*.43}{\376\377\121\154\137\000\213\304\226\005\117\341\140\157}{}% 55
\BOOKMARK [0][-]{appendix.A}{\376\377\152\041\147\177\143\320\117\233\166\204\136\014\201\112\133\127\153\315\124\175\116\344\122\027\210\150}{}% 56
